<?xml version="1.0" encoding="UTF-8"?>
<!-- Generated by org.testng.reporters.JUnitReportReporter -->
<testsuite hostname="LNDA0183" name="com.jav.Domestic.tests.EOLDomesticReceiveInfo_Test" tests="15" failures="0" timestamp="27 Feb 2013 13:56:49 GMT" time="251.163" errors="0">
  <testcase name="verifyElementsDisplayAfterSelectModeOfPayment" time="8.459" classname="com.jav.Domestic.tests.EOLDomesticReceiveInfo_Test"/>
  <testcase name="homePageactions" time="11.105" classname="com.jav.Domestic.tests.EOLDomesticReceiveInfo_Test"/>
  <testcase name="verifyElementsDisplayOnPaymentInformation" time="1.414" classname="com.jav.Domestic.tests.EOLDomesticReceiveInfo_Test"/>
  <testcase name="selectModeOfPaymentandProvideInformation" time="3.114" classname="com.jav.Domestic.tests.EOLDomesticReceiveInfo_Test"/>
  <testcase name="setup" time="16.115" classname="com.jav.Domestic.tests.EOLDomesticReceiveInfo_Test"/>
  <testcase name="verifyandClickOnTermAndComtitionsDisplayOnReviewandSubmitPage" time="16.910" classname="com.jav.Domestic.tests.EOLDomesticReceiveInfo_Test"/>
  <testcase name="enterCreditCardInformation" time="25.593" classname="com.jav.Domestic.tests.EOLDomesticReceiveInfo_Test"/>
  <testcase name="verifyredirectToPaymentInformationPage" time="0.438" classname="com.jav.Domestic.tests.EOLDomesticReceiveInfo_Test"/>
  <testcase name="enterStudentInformationOnStep1Page" time="58.399" classname="com.jav.Domestic.tests.EOLDomesticReceiveInfo_Test"/>
  <testcase name="redirectToThankYouPageAndClickEnrollOnLine" time="2.193" classname="com.jav.Domestic.tests.EOLDomesticReceiveInfo_Test"/>
  <testcase name="verifyElementsDisplayOnStep1EnrollmentProcess" time="7.034" classname="com.jav.Domestic.tests.EOLDomesticReceiveInfo_Test"/>
  <testcase name="launchHomePage" time="4.299" classname="com.jav.Domestic.tests.EOLDomesticReceiveInfo_Test"/>
  <testcase name="verifyElementDisplayOnPersonalInformationPage" time="17.593" classname="com.jav.Domestic.tests.EOLDomesticReceiveInfo_Test"/>
  <testcase name="verifyElementsDisplayOnReviewAndSubmitPage" time="8.335" classname="com.jav.Domestic.tests.EOLDomesticReceiveInfo_Test"/>
  <testcase name="enterRemaningInformationOnPersonalInformatoinPage" time="70.162" classname="com.jav.Domestic.tests.EOLDomesticReceiveInfo_Test"/>
</testsuite> <!-- com.jav.Domestic.tests.EOLDomesticReceiveInfo_Test -->
