<?xml version="1.0" encoding="UTF-8"?>
<!-- Generated by org.testng.reporters.JUnitReportReporter -->
<testsuite hostname="LNDA0183" name="com.jav.Domestic.tests.EOLDomesticEnrollNow_Test" tests="11" failures="0" timestamp="6 Mar 2013 07:31:30 GMT" time="90.383" errors="0">
  <testcase name="verifyredirectToPaymentInformationPage" time="0.187" classname="com.jav.Domestic.tests.EOLDomesticEnrollNow_Test"/>
  <testcase name="homePageactions" time="7.387" classname="com.jav.Domestic.tests.EOLDomesticEnrollNow_Test"/>
  <testcase name="enterRemaningInformationOnPersonalInformatoinPage" time="24.229" classname="com.jav.Domestic.tests.EOLDomesticEnrollNow_Test"/>
  <testcase name="verifyElementsDisplayOnPaymentInformation" time="0.445" classname="com.jav.Domestic.tests.EOLDomesticEnrollNow_Test"/>
  <testcase name="enterCreditCardInformation" time="5.143" classname="com.jav.Domestic.tests.EOLDomesticEnrollNow_Test"/>
  <testcase name="selectModeOfPaymentandProvideInformation" time="2.014" classname="com.jav.Domestic.tests.EOLDomesticEnrollNow_Test"/>
  <testcase name="verifyElementsDisplayAfterSelectModeOfPayment" time="2.932" classname="com.jav.Domestic.tests.EOLDomesticEnrollNow_Test"/>
  <testcase name="verifyElementsDisplayOnReviewAndSubmitPage" time="5.265" classname="com.jav.Domestic.tests.EOLDomesticEnrollNow_Test"/>
  <testcase name="setup" time="6.386" classname="com.jav.Domestic.tests.EOLDomesticEnrollNow_Test"/>
  <testcase name="launchHomePage" time="6.170" classname="com.jav.Domestic.tests.EOLDomesticEnrollNow_Test"/>
  <testcase name="verifyandClickOnTermAndConditionsDisplayOnReviewandSubmitPage" time="30.225" classname="com.jav.Domestic.tests.EOLDomesticEnrollNow_Test"/>
</testsuite> <!-- com.jav.Domestic.tests.EOLDomesticEnrollNow_Test -->
