<?xml version="1.0" encoding="UTF-8"?>
<!-- Generated by org.testng.reporters.JUnitReportReporter -->
<testsuite hostname="DLLB0015" name="com.jav.Domestic.tests.AllCourse_EOLDomesticReceiveInfo_nocourse_Tests" tests="5" failures="0" timestamp="27 Feb 2013 08:14:14 GMT" time="846.011" errors="0">
  <testcase name="homePageactions" time="7.304" classname="com.jav.Domestic.tests.AllCourse_EOLDomesticReceiveInfo_nocourse_Tests"/>
  <testcase name="getNumberOfCourseAvailable" time="4.258" classname="com.jav.Domestic.tests.AllCourse_EOLDomesticReceiveInfo_nocourse_Tests"/>
  <testcase name="Test" time="816.896" classname="com.jav.Domestic.tests.AllCourse_EOLDomesticReceiveInfo_nocourse_Tests"/>
  <testcase name="launchHomePage" time="4.243" classname="com.jav.Domestic.tests.AllCourse_EOLDomesticReceiveInfo_nocourse_Tests"/>
  <testcase name="setup" time="13.310" classname="com.jav.Domestic.tests.AllCourse_EOLDomesticReceiveInfo_nocourse_Tests"/>
</testsuite> <!-- com.jav.Domestic.tests.AllCourse_EOLDomesticReceiveInfo_nocourse_Tests -->
