<?xml version="1.0" encoding="UTF-8"?>
<!-- Generated by org.testng.reporters.JUnitReportReporter -->
<testsuite hostname="LNDA0183" name="com.jav.Domestic.tests.EOLDomesticReceiveInfo_Test" tests="16" failures="0" timestamp="19 Mar 2013 06:39:18 GMT" time="172.599" errors="0">
  <testcase name="enterStudentInformationOnStep1Page" time="50.976" classname="com.jav.Domestic.tests.EOLDomesticReceiveInfo_Test"/>
  <testcase name="homePageactions" time="10.699" classname="com.jav.Domestic.tests.EOLDomesticReceiveInfo_Test"/>
  <testcase name="enterRemaningInformationOnPersonalInformatoinPage" time="23.081" classname="com.jav.Domestic.tests.EOLDomesticReceiveInfo_Test"/>
  <testcase name="verifyElementsDisplayOnPaymentInformation" time="0.398" classname="com.jav.Domestic.tests.EOLDomesticReceiveInfo_Test"/>
  <testcase name="launchHomePage" time="6.363" classname="com.jav.Domestic.tests.EOLDomesticReceiveInfo_Test"/>
  <testcase name="setup" time="6.350" classname="com.jav.Domestic.tests.EOLDomesticReceiveInfo_Test"/>
  <testcase name="verifyEditButtonOnReviewAndSubmit" time="36.488" classname="com.jav.Domestic.tests.EOLDomesticReceiveInfo_Test"/>
  <testcase name="verifyElementsDisplayOnReviewAndSubmitPage" time="6.261" classname="com.jav.Domestic.tests.EOLDomesticReceiveInfo_Test"/>
  <testcase name="selectModeOfPaymentandProvideInformation" time="1.983" classname="com.jav.Domestic.tests.EOLDomesticReceiveInfo_Test"/>
  <testcase name="verifyElementDisplayOnPersonalInformationPage" time="2.366" classname="com.jav.Domestic.tests.EOLDomesticReceiveInfo_Test"/>
  <testcase name="verifyandClickOnTermAndComtitionsDisplayOnReviewandSubmitPage" time="16.509" classname="com.jav.Domestic.tests.EOLDomesticReceiveInfo_Test"/>
  <testcase name="redirectToThankYouPageAndClickEnrollOnLine" time="6.994" classname="com.jav.Domestic.tests.EOLDomesticReceiveInfo_Test"/>
  <testcase name="enterCreditCardInformation" time="0.826" classname="com.jav.Domestic.tests.EOLDomesticReceiveInfo_Test"/>
  <testcase name="verifyElementsDisplayAfterSelectModeOfPayment" time="1.421" classname="com.jav.Domestic.tests.EOLDomesticReceiveInfo_Test"/>
  <testcase name="verifyredirectToPaymentInformationPage" time="0.232" classname="com.jav.Domestic.tests.EOLDomesticReceiveInfo_Test"/>
  <testcase name="verifyElementsDisplayOnStep1EnrollmentProcess" time="1.652" classname="com.jav.Domestic.tests.EOLDomesticReceiveInfo_Test"/>
</testsuite> <!-- com.jav.Domestic.tests.EOLDomesticReceiveInfo_Test -->
