<?xml version="1.0" encoding="UTF-8"?>
<!-- Generated by org.testng.reporters.JUnitReportReporter -->
<testsuite hostname="LNDA0183" name="com.jav.Domestic.tests.SiteCoreURL_Feature_Test" tests="25" failures="0" timestamp="18 Mar 2013 13:07:50 GMT" time="265.118" errors="0">
  <testcase name="VerifySiteCoreHomePage" time="7.455" classname="com.jav.Domestic.tests.SiteCoreURL_Feature_Test"/>
  <testcase name="verifyElementsDisplayOnPaymentInformationPage" time="0.406" classname="com.jav.Domestic.tests.SiteCoreURL_Feature_Test"/>
  <testcase name="selectModeOfPaymentandFillInformation" time="1.582" classname="com.jav.Domestic.tests.SiteCoreURL_Feature_Test"/>
  <testcase name="verifyandClickOnTermAndConditionsOnReviewandSubmitPage" time="53.735" classname="com.jav.Domestic.tests.SiteCoreURL_Feature_Test"/>
  <testcase name="launchSelectedSiteCoreURL" time="18.372" classname="com.jav.Domestic.tests.SiteCoreURL_Feature_Test"/>
  <testcase name="verifyElementsDisplayOnReviewAndSubmitPage" time="4.044" classname="com.jav.Domestic.tests.SiteCoreURL_Feature_Test"/>
  <testcase name="enterCreditCardInformationAfterCreditCardSelection" time="0.829" classname="com.jav.Domestic.tests.SiteCoreURL_Feature_Test"/>
  <testcase name="selectModeOfPaymentandProvideInformation" time="1.849" classname="com.jav.Domestic.tests.SiteCoreURL_Feature_Test"/>
  <testcase name="redirectToThankYouPageAndClickEnrollOnLine" time="3.233" classname="com.jav.Domestic.tests.SiteCoreURL_Feature_Test"/>
  <testcase name="enterAllInformationOnPersonalInformatoinPage" time="30.001" classname="com.jav.Domestic.tests.SiteCoreURL_Feature_Test"/>
  <testcase name="enterCreditCardInformation" time="0.822" classname="com.jav.Domestic.tests.SiteCoreURL_Feature_Test"/>
  <testcase name="verifyEditButtonOnReviewAndSubmit" time="37.065" classname="com.jav.Domestic.tests.SiteCoreURL_Feature_Test"/>
  <testcase name="verifyandClickOnTermAndComtitionsDisplayOnReviewandSubmitPage" time="15.547" classname="com.jav.Domestic.tests.SiteCoreURL_Feature_Test"/>
  <testcase name="verifyElementsDisplayAfterSelectModeOfPayment" time="1.397" classname="com.jav.Domestic.tests.SiteCoreURL_Feature_Test"/>
  <testcase name="verifyElementsDisplayedAfterSelectModeOfPayment" time="1.392" classname="com.jav.Domestic.tests.SiteCoreURL_Feature_Test"/>
  <testcase name="verifyUserNavigatedtoEnrollNowSiteCoreHomepage" time="12.878" classname="com.jav.Domestic.tests.SiteCoreURL_Feature_Test"/>
  <testcase name="verifyElementsDisplayOnPaymentInformation" time="0.489" classname="com.jav.Domestic.tests.SiteCoreURL_Feature_Test"/>
  <testcase name="verifyredirectToPaymentInformationPage" time="0.336" classname="com.jav.Domestic.tests.SiteCoreURL_Feature_Test"/>
  <testcase name="verifyRedirectToPaymentInformationPage" time="0.231" classname="com.jav.Domestic.tests.SiteCoreURL_Feature_Test"/>
  <testcase name="setup" time="10.280" classname="com.jav.Domestic.tests.SiteCoreURL_Feature_Test"/>
  <testcase name="verifyElementDisplayOnPersonalInformationPage" time="2.272" classname="com.jav.Domestic.tests.SiteCoreURL_Feature_Test"/>
  <testcase name="enterRemaningInformationOnPersonalInformatoinPage" time="27.368" classname="com.jav.Domestic.tests.SiteCoreURL_Feature_Test"/>
  <testcase name="verifyElementsDisplayedOnReviewAndSubmitPage" time="4.317" classname="com.jav.Domestic.tests.SiteCoreURL_Feature_Test"/>
  <testcase name="enterStudentInformationOnStep1Page" time="27.776" classname="com.jav.Domestic.tests.SiteCoreURL_Feature_Test"/>
  <testcase name="verifyElementsDisplayOnStep1EnrollmentProcess" time="1.442" classname="com.jav.Domestic.tests.SiteCoreURL_Feature_Test"/>
</testsuite> <!-- com.jav.Domestic.tests.SiteCoreURL_Feature_Test -->
