<?xml version="1.0" encoding="UTF-8"?>
<!-- Generated by org.testng.reporters.JUnitReportReporter -->
<testsuite hostname="LNDA0183" name="com.jav.Domestic.tests.SiteCoreULR_Feature_Test" tests="25" failures="0" timestamp="13 Mar 2013 12:07:24 GMT" time="268.604" errors="0">
  <testcase name="verifyElementDisplayOnPersonalInformationPage" time="2.403" classname="com.jav.Domestic.tests.SiteCoreULR_Feature_Test"/>
  <testcase name="verifyElementsDisplayOnStep1EnrollmentProcess" time="1.634" classname="com.jav.Domestic.tests.SiteCoreULR_Feature_Test"/>
  <testcase name="redirectToThankYouPageAndClickEnrollOnLine" time="2.570" classname="com.jav.Domestic.tests.SiteCoreULR_Feature_Test"/>
  <testcase name="verifyElementsDisplayedAfterSelectModeOfPayment" time="1.416" classname="com.jav.Domestic.tests.SiteCoreULR_Feature_Test"/>
  <testcase name="verifyElementsDisplayOnReviewAndSubmitPage" time="4.104" classname="com.jav.Domestic.tests.SiteCoreULR_Feature_Test"/>
  <testcase name="selectModeOfPaymentandProvideInformation" time="2.183" classname="com.jav.Domestic.tests.SiteCoreULR_Feature_Test"/>
  <testcase name="selectModeOfPaymentandFillInformation" time="1.640" classname="com.jav.Domestic.tests.SiteCoreULR_Feature_Test"/>
  <testcase name="verifyredirectToPaymentInformationPage" time="0.286" classname="com.jav.Domestic.tests.SiteCoreULR_Feature_Test"/>
  <testcase name="launchSelectedSiteCoreURL" time="16.180" classname="com.jav.Domestic.tests.SiteCoreULR_Feature_Test"/>
  <testcase name="enterCreditCardInformationAfterCreditCardSelection" time="1.110" classname="com.jav.Domestic.tests.SiteCoreULR_Feature_Test"/>
  <testcase name="enterRemaningInformationOnPersonalInformatoinPage" time="30.180" classname="com.jav.Domestic.tests.SiteCoreULR_Feature_Test"/>
  <testcase name="enterStudentInformationOnStep1Page" time="25.242" classname="com.jav.Domestic.tests.SiteCoreULR_Feature_Test"/>
  <testcase name="enterCreditCardInformation" time="1.143" classname="com.jav.Domestic.tests.SiteCoreULR_Feature_Test"/>
  <testcase name="verifyElementsDisplayOnPaymentInformation" time="0.618" classname="com.jav.Domestic.tests.SiteCoreULR_Feature_Test"/>
  <testcase name="enterAllInformationOnPersonalInformatoinPage" time="32.869" classname="com.jav.Domestic.tests.SiteCoreULR_Feature_Test"/>
  <testcase name="verifyElementsDisplayedOnReviewAndSubmitPage" time="4.448" classname="com.jav.Domestic.tests.SiteCoreULR_Feature_Test"/>
  <testcase name="verifyandClickOnTermAndComtitionsDisplayOnReviewandSubmitPage" time="13.017" classname="com.jav.Domestic.tests.SiteCoreULR_Feature_Test"/>
  <testcase name="verifyElementsDisplayOnPaymentInformationPage" time="0.388" classname="com.jav.Domestic.tests.SiteCoreULR_Feature_Test"/>
  <testcase name="verifyUserNavigatedtoEnrollNowSiteCoreHomepage" time="11.576" classname="com.jav.Domestic.tests.SiteCoreULR_Feature_Test"/>
  <testcase name="VerifySiteCoreHomePage" time="6.634" classname="com.jav.Domestic.tests.SiteCoreULR_Feature_Test"/>
  <testcase name="verifyandClickOnTermAndConditionsOnReviewandSubmitPage" time="53.113" classname="com.jav.Domestic.tests.SiteCoreULR_Feature_Test"/>
  <testcase name="verifyElementsDisplayAfterSelectModeOfPayment" time="1.144" classname="com.jav.Domestic.tests.SiteCoreULR_Feature_Test"/>
  <testcase name="setup" time="12.887" classname="com.jav.Domestic.tests.SiteCoreULR_Feature_Test"/>
  <testcase name="verifyEditButtonOnReviewAndSubmit" time="41.576" classname="com.jav.Domestic.tests.SiteCoreULR_Feature_Test"/>
  <testcase name="verifyRedirectToPaymentInformationPage" time="0.243" classname="com.jav.Domestic.tests.SiteCoreULR_Feature_Test"/>
</testsuite> <!-- com.jav.Domestic.tests.SiteCoreULR_Feature_Test -->
