<?xml version="1.0" encoding="UTF-8"?>
<!-- Generated by org.testng.reporters.JUnitReportReporter -->
<testsuite hostname="DLLB0015" name="com.jav.Domestic.tests.EOLDomesticReceiveInfo_Test" tests="16" failures="0" timestamp="4 Mar 2013 07:18:57 GMT" time="268.998" errors="0">
  <testcase name="verifyElementsDisplayOnStep1EnrollmentProcess" time="0.715" classname="com.jav.Domestic.tests.EOLDomesticReceiveInfo_Test"/>
  <testcase name="verifyElementsDisplayOnReviewAndSubmitPage" time="7.143" classname="com.jav.Domestic.tests.EOLDomesticReceiveInfo_Test"/>
  <testcase name="verifyElementDisplayOnPersonalInformationPage" time="0.775" classname="com.jav.Domestic.tests.EOLDomesticReceiveInfo_Test"/>
  <testcase name="selectModeOfPaymentandProvideInformation" time="2.978" classname="com.jav.Domestic.tests.EOLDomesticReceiveInfo_Test"/>
  <testcase name="verifyEditButtonOnReviewAndSubmit" time="85.127" classname="com.jav.Domestic.tests.EOLDomesticReceiveInfo_Test"/>
  <testcase name="verifyElementsDisplayOnPaymentInformation" time="0.245" classname="com.jav.Domestic.tests.EOLDomesticReceiveInfo_Test"/>
  <testcase name="redirectToThankYouPageAndClickEnrollOnLine" time="17.160" classname="com.jav.Domestic.tests.EOLDomesticReceiveInfo_Test"/>
  <testcase name="setup" time="18.705" classname="com.jav.Domestic.tests.EOLDomesticReceiveInfo_Test"/>
  <testcase name="launchHomePage" time="7.296" classname="com.jav.Domestic.tests.EOLDomesticReceiveInfo_Test"/>
  <testcase name="verifyElementsDisplayAfterSelectModeOfPayment" time="4.209" classname="com.jav.Domestic.tests.EOLDomesticReceiveInfo_Test"/>
  <testcase name="enterCreditCardInformation" time="3.327" classname="com.jav.Domestic.tests.EOLDomesticReceiveInfo_Test"/>
  <testcase name="verifyredirectToPaymentInformationPage" time="5.961" classname="com.jav.Domestic.tests.EOLDomesticReceiveInfo_Test"/>
  <testcase name="homePageactions" time="13.021" classname="com.jav.Domestic.tests.EOLDomesticReceiveInfo_Test"/>
  <testcase name="enterStudentInformationOnStep1Page" time="30.319" classname="com.jav.Domestic.tests.EOLDomesticReceiveInfo_Test"/>
  <testcase name="enterRemaningInformationOnPersonalInformatoinPage" time="31.925" classname="com.jav.Domestic.tests.EOLDomesticReceiveInfo_Test"/>
  <testcase name="verifyandClickOnTermAndComtitionsDisplayOnReviewandSubmitPage" time="40.092" classname="com.jav.Domestic.tests.EOLDomesticReceiveInfo_Test"/>
</testsuite> <!-- com.jav.Domestic.tests.EOLDomesticReceiveInfo_Test -->
