<?xml version="1.0" encoding="UTF-8"?>
<!-- Generated by org.testng.reporters.JUnitReportReporter -->
<testsuite hostname="LNDA0183" name="com.jav.Domestic.tests.AllCourse_EOLDomesticReceiveInfo_nocourse_Tests" tests="5" failures="0" timestamp="19 Mar 2013 05:34:51 GMT" time="3314.384" errors="0">
  <testcase name="homePageactions" time="5.962" classname="com.jav.Domestic.tests.AllCourse_EOLDomesticReceiveInfo_nocourse_Tests"/>
  <testcase name="setup" time="7.427" classname="com.jav.Domestic.tests.AllCourse_EOLDomesticReceiveInfo_nocourse_Tests"/>
  <testcase name="Test" time="3289.302" classname="com.jav.Domestic.tests.AllCourse_EOLDomesticReceiveInfo_nocourse_Tests"/>
  <testcase name="launchHomePage" time="6.542" classname="com.jav.Domestic.tests.AllCourse_EOLDomesticReceiveInfo_nocourse_Tests"/>
  <testcase name="getNumberOfCourseAvailable" time="5.151" classname="com.jav.Domestic.tests.AllCourse_EOLDomesticReceiveInfo_nocourse_Tests"/>
</testsuite> <!-- com.jav.Domestic.tests.AllCourse_EOLDomesticReceiveInfo_nocourse_Tests -->
