<?xml version="1.0" encoding="UTF-8"?>
<!-- Generated by org.testng.reporters.JUnitReportReporter -->
<testsuite hostname="DLLB0015" name="com.jav.Domestic.tests.EOLDomesticEnrollNow_nocourse_Test" tests="13" failures="0" timestamp="3 Mar 2013 08:27:20 GMT" time="88.573" errors="0">
  <testcase name="verifyElementsDisplayOnReviewAndSubmitPage" time="4.839" classname="com.jav.Domestic.tests.EOLDomesticEnrollNow_nocourse_Test"/>
  <testcase name="verifyElementsDisplayAfterSelectModeOfPayment" time="2.525" classname="com.jav.Domestic.tests.EOLDomesticEnrollNow_nocourse_Test"/>
  <testcase name="selectCourseFromAvailableCourses" time="6.786" classname="com.jav.Domestic.tests.EOLDomesticEnrollNow_nocourse_Test"/>
  <testcase name="launchHomePage" time="7.279" classname="com.jav.Domestic.tests.EOLDomesticEnrollNow_nocourse_Test"/>
  <testcase name="selectModeOfPaymentandProvideInformation" time="1.785" classname="com.jav.Domestic.tests.EOLDomesticEnrollNow_nocourse_Test"/>
  <testcase name="verifyElementsDisplayOnPaymentInformation" time="0.259" classname="com.jav.Domestic.tests.EOLDomesticEnrollNow_nocourse_Test"/>
  <testcase name="enterCreditCardInformation" time="2.956" classname="com.jav.Domestic.tests.EOLDomesticEnrollNow_nocourse_Test"/>
  <testcase name="getNumberOfCourseAvailable" time="3.075" classname="com.jav.Domestic.tests.EOLDomesticEnrollNow_nocourse_Test"/>
  <testcase name="enterRemaningInformationOnPersonalInformatoinPage" time="16.737" classname="com.jav.Domestic.tests.EOLDomesticEnrollNow_nocourse_Test"/>
  <testcase name="verifyredirectToPaymentInformationPage" time="0.077" classname="com.jav.Domestic.tests.EOLDomesticEnrollNow_nocourse_Test"/>
  <testcase name="homePageactions" time="5.214" classname="com.jav.Domestic.tests.EOLDomesticEnrollNow_nocourse_Test"/>
  <testcase name="verifyandClickOnTermAndComtitionsDisplayOnReviewandSubmitPage" time="35.803" classname="com.jav.Domestic.tests.EOLDomesticEnrollNow_nocourse_Test"/>
  <testcase name="setup" time="1.238" classname="com.jav.Domestic.tests.EOLDomesticEnrollNow_nocourse_Test"/>
</testsuite> <!-- com.jav.Domestic.tests.EOLDomesticEnrollNow_nocourse_Test -->
