<?xml version="1.0" encoding="UTF-8"?>
<!-- Generated by org.testng.reporters.JUnitReportReporter -->
<testsuite hostname="LNDA0183" name="com.jav.Domestic.tests.AllCourse_EOLDomesticEnrollNow_nocourse_Tests" tests="5" failures="0" timestamp="19 Mar 2013 06:21:15 GMT" time="2270.290" errors="0">
  <testcase name="homePageactions" time="6.324" classname="com.jav.Domestic.tests.AllCourse_EOLDomesticEnrollNow_nocourse_Tests"/>
  <testcase name="Test" time="2245.303" classname="com.jav.Domestic.tests.AllCourse_EOLDomesticEnrollNow_nocourse_Tests"/>
  <testcase name="launchHomePage" time="6.152" classname="com.jav.Domestic.tests.AllCourse_EOLDomesticEnrollNow_nocourse_Tests"/>
  <testcase name="setup" time="7.405" classname="com.jav.Domestic.tests.AllCourse_EOLDomesticEnrollNow_nocourse_Tests"/>
  <testcase name="getNumberOfCourseAvailable" time="5.106" classname="com.jav.Domestic.tests.AllCourse_EOLDomesticEnrollNow_nocourse_Tests"/>
</testsuite> <!-- com.jav.Domestic.tests.AllCourse_EOLDomesticEnrollNow_nocourse_Tests -->
