<?xml version="1.0" encoding="UTF-8"?>
<!-- Generated by org.testng.reporters.JUnitReportReporter -->
<testsuite hostname="LNDA0183" name="com.jav.Domestic.tests.EOLDomesticReceiveInfo_nocourse_Test" tests="18" failures="0" timestamp="19 Mar 2013 05:34:51 GMT" time="218.694" errors="0">
  <testcase name="enterStudentInformationOnStep1Page" time="44.613" classname="com.jav.Domestic.tests.EOLDomesticReceiveInfo_nocourse_Test"/>
  <testcase name="verifyEditButtonOnReviewAndSubmit" time="56.981" classname="com.jav.Domestic.tests.EOLDomesticReceiveInfo_nocourse_Test"/>
  <testcase name="setup" time="7.486" classname="com.jav.Domestic.tests.EOLDomesticReceiveInfo_nocourse_Test"/>
  <testcase name="verifyElementDisplayOnPersonalInformationPage" time="2.362" classname="com.jav.Domestic.tests.EOLDomesticReceiveInfo_nocourse_Test"/>
  <testcase name="verifyandClickOnTermAndComtitionsDisplayOnReviewandSubmitPage" time="49.494" classname="com.jav.Domestic.tests.EOLDomesticReceiveInfo_nocourse_Test"/>
  <testcase name="launchHomePage" time="5.909" classname="com.jav.Domestic.tests.EOLDomesticReceiveInfo_nocourse_Test"/>
  <testcase name="verifyElementsDisplayOnReviewAndSubmitPage" time="3.719" classname="com.jav.Domestic.tests.EOLDomesticReceiveInfo_nocourse_Test"/>
  <testcase name="selectModeOfPaymentandProvideInformation" time="1.880" classname="com.jav.Domestic.tests.EOLDomesticReceiveInfo_nocourse_Test"/>
  <testcase name="homePageactions" time="5.434" classname="com.jav.Domestic.tests.EOLDomesticReceiveInfo_nocourse_Test"/>
  <testcase name="selectCourseFromAvailableCourses" time="4.666" classname="com.jav.Domestic.tests.EOLDomesticReceiveInfo_nocourse_Test"/>
  <testcase name="enterRemaningInformationOnPersonalInformatoinPage" time="16.448" classname="com.jav.Domestic.tests.EOLDomesticReceiveInfo_nocourse_Test"/>
  <testcase name="enterCreditCardInformation" time="5.097" classname="com.jav.Domestic.tests.EOLDomesticReceiveInfo_nocourse_Test"/>
  <testcase name="verifyElementsDisplayOnStep1EnrollmentProcess" time="1.358" classname="com.jav.Domestic.tests.EOLDomesticReceiveInfo_nocourse_Test"/>
  <testcase name="getNumberOfCourseAvailable" time="3.208" classname="com.jav.Domestic.tests.EOLDomesticReceiveInfo_nocourse_Test"/>
  <testcase name="verifyredirectToPaymentInformationPage" time="0.176" classname="com.jav.Domestic.tests.EOLDomesticReceiveInfo_nocourse_Test"/>
  <testcase name="verifyElementsDisplayAfterSelectModeOfPayment" time="2.682" classname="com.jav.Domestic.tests.EOLDomesticReceiveInfo_nocourse_Test"/>
  <testcase name="verifyElementsDisplayOnPaymentInformation" time="0.297" classname="com.jav.Domestic.tests.EOLDomesticReceiveInfo_nocourse_Test"/>
  <testcase name="redirectToThankYouPageAndClickEnrollOnLine" time="6.884" classname="com.jav.Domestic.tests.EOLDomesticReceiveInfo_nocourse_Test"/>
</testsuite> <!-- com.jav.Domestic.tests.EOLDomesticReceiveInfo_nocourse_Test -->
