<?xml version="1.0" encoding="UTF-8"?>
<!-- Generated by org.testng.reporters.JUnitReportReporter -->
<testsuite hostname="LNDA0183" name="com.jav.Domestic.tests.EOLDomesticEnrollNow_nocourse_Test" tests="13" failures="0" timestamp="1 Mar 2013 13:03:07 GMT" time="96.727" errors="0">
  <testcase name="enterCreditCardInformation" time="4.847" classname="com.jav.Domestic.tests.EOLDomesticEnrollNow_nocourse_Test"/>
  <testcase name="selectModeOfPaymentandProvideInformation" time="1.986" classname="com.jav.Domestic.tests.EOLDomesticEnrollNow_nocourse_Test"/>
  <testcase name="verifyElementsDisplayOnPaymentInformation" time="0.354" classname="com.jav.Domestic.tests.EOLDomesticEnrollNow_nocourse_Test"/>
  <testcase name="getNumberOfCourseAvailable" time="3.091" classname="com.jav.Domestic.tests.EOLDomesticEnrollNow_nocourse_Test"/>
  <testcase name="selectCourseFromAvailableCourses" time="6.559" classname="com.jav.Domestic.tests.EOLDomesticEnrollNow_nocourse_Test"/>
  <testcase name="enterRemaningInformationOnPersonalInformatoinPage" time="19.273" classname="com.jav.Domestic.tests.EOLDomesticEnrollNow_nocourse_Test"/>
  <testcase name="homePageactions" time="5.534" classname="com.jav.Domestic.tests.EOLDomesticEnrollNow_nocourse_Test"/>
  <testcase name="verifyredirectToPaymentInformationPage" time="0.112" classname="com.jav.Domestic.tests.EOLDomesticEnrollNow_nocourse_Test"/>
  <testcase name="verifyElementsDisplayOnReviewAndSubmitPage" time="5.296" classname="com.jav.Domestic.tests.EOLDomesticEnrollNow_nocourse_Test"/>
  <testcase name="launchHomePage" time="6.988" classname="com.jav.Domestic.tests.EOLDomesticEnrollNow_nocourse_Test"/>
  <testcase name="verifyandClickOnTermAndComtitionsDisplayOnReviewandSubmitPage" time="37.487" classname="com.jav.Domestic.tests.EOLDomesticEnrollNow_nocourse_Test"/>
  <testcase name="setup" time="1.729" classname="com.jav.Domestic.tests.EOLDomesticEnrollNow_nocourse_Test"/>
  <testcase name="verifyElementsDisplayAfterSelectModeOfPayment" time="3.471" classname="com.jav.Domestic.tests.EOLDomesticEnrollNow_nocourse_Test"/>
</testsuite> <!-- com.jav.Domestic.tests.EOLDomesticEnrollNow_nocourse_Test -->
