<?xml version="1.0" encoding="UTF-8"?>
<!-- Generated by org.testng.reporters.JUnitReportReporter -->
<testsuite hostname="LNDA0183" name="com.jav.Canada.tests.AllCourse_EOLCanadaReceiveInfo_nocourse_Tests" tests="5" failures="0" timestamp="13 Mar 2013 12:21:45 GMT" time="433.122" errors="0">
  <testcase name="homePageactions" time="5.055" classname="com.jav.Canada.tests.AllCourse_EOLCanadaReceiveInfo_nocourse_Tests"/>
  <testcase name="setup" time="7.133" classname="com.jav.Canada.tests.AllCourse_EOLCanadaReceiveInfo_nocourse_Tests"/>
  <testcase name="Test" time="409.500" classname="com.jav.Canada.tests.AllCourse_EOLCanadaReceiveInfo_nocourse_Tests"/>
  <testcase name="launchHomePage" time="6.329" classname="com.jav.Canada.tests.AllCourse_EOLCanadaReceiveInfo_nocourse_Tests"/>
  <testcase name="getNumberOfCourseAvailable" time="5.105" classname="com.jav.Canada.tests.AllCourse_EOLCanadaReceiveInfo_nocourse_Tests"/>
</testsuite> <!-- com.jav.Canada.tests.AllCourse_EOLCanadaReceiveInfo_nocourse_Tests -->
