<?xml version="1.0" encoding="UTF-8"?>
<!-- Generated by org.testng.reporters.JUnitReportReporter -->
<testsuite hostname="LNDA0183" name="com.qait.automation.report.ResultsIT" tests="1" failures="0" timestamp="28 Feb 2013 09:19:27 GMT" time="0.016" errors="0">
  <testcase name="sendResultsMail" time="0.016" classname="com.qait.automation.report.ResultsIT"/>
</testsuite> <!-- com.qait.automation.report.ResultsIT -->
