<?xml version="1.0" encoding="UTF-8"?>
<!-- Generated by org.testng.reporters.JUnitReportReporter -->
<testsuite hostname="LNDA0183" name="com.jav.Domestic.tests.EOLDomesticReceiveInfo_nocourse_Test" tests="18" failures="0" timestamp="1 Mar 2013 12:34:40 GMT" time="180.026" errors="0">
  <testcase name="selectModeOfPaymentandProvideInformation" time="2.140" classname="com.jav.Domestic.tests.EOLDomesticReceiveInfo_nocourse_Test"/>
  <testcase name="verifyElementsDisplayOnStep1EnrollmentProcess" time="1.295" classname="com.jav.Domestic.tests.EOLDomesticReceiveInfo_nocourse_Test"/>
  <testcase name="verifyElementsDisplayAfterSelectModeOfPayment" time="3.087" classname="com.jav.Domestic.tests.EOLDomesticReceiveInfo_nocourse_Test"/>
  <testcase name="launchHomePage" time="5.650" classname="com.jav.Domestic.tests.EOLDomesticReceiveInfo_nocourse_Test"/>
  <testcase name="selectCourseFromAvailableCourses" time="5.122" classname="com.jav.Domestic.tests.EOLDomesticReceiveInfo_nocourse_Test"/>
  <testcase name="verifyEditButtonOnReviewAndSubmit" time="50.510" classname="com.jav.Domestic.tests.EOLDomesticReceiveInfo_nocourse_Test"/>
  <testcase name="enterRemaningInformationOnPersonalInformatoinPage" time="19.154" classname="com.jav.Domestic.tests.EOLDomesticReceiveInfo_nocourse_Test"/>
  <testcase name="enterStudentInformationOnStep1Page" time="19.349" classname="com.jav.Domestic.tests.EOLDomesticReceiveInfo_nocourse_Test"/>
  <testcase name="redirectToThankYouPageAndClickEnrollOnLine" time="7.173" classname="com.jav.Domestic.tests.EOLDomesticReceiveInfo_nocourse_Test"/>
  <testcase name="verifyElementDisplayOnPersonalInformationPage" time="2.081" classname="com.jav.Domestic.tests.EOLDomesticReceiveInfo_nocourse_Test"/>
  <testcase name="enterCreditCardInformation" time="4.806" classname="com.jav.Domestic.tests.EOLDomesticReceiveInfo_nocourse_Test"/>
  <testcase name="verifyElementsDisplayOnPaymentInformation" time="0.314" classname="com.jav.Domestic.tests.EOLDomesticReceiveInfo_nocourse_Test"/>
  <testcase name="verifyredirectToPaymentInformationPage" time="0.168" classname="com.jav.Domestic.tests.EOLDomesticReceiveInfo_nocourse_Test"/>
  <testcase name="verifyandClickOnTermAndComtitionsDisplayOnReviewandSubmitPage" time="39.751" classname="com.jav.Domestic.tests.EOLDomesticReceiveInfo_nocourse_Test"/>
  <testcase name="setup" time="6.930" classname="com.jav.Domestic.tests.EOLDomesticReceiveInfo_nocourse_Test"/>
  <testcase name="verifyElementsDisplayOnReviewAndSubmitPage" time="4.096" classname="com.jav.Domestic.tests.EOLDomesticReceiveInfo_nocourse_Test"/>
  <testcase name="getNumberOfCourseAvailable" time="3.094" classname="com.jav.Domestic.tests.EOLDomesticReceiveInfo_nocourse_Test"/>
  <testcase name="homePageactions" time="5.306" classname="com.jav.Domestic.tests.EOLDomesticReceiveInfo_nocourse_Test"/>
</testsuite> <!-- com.jav.Domestic.tests.EOLDomesticReceiveInfo_nocourse_Test -->
