<?xml version="1.0" encoding="UTF-8"?>
<!-- Generated by org.testng.reporters.JUnitReportReporter -->
<testsuite hostname="LNDA0183" name="com.jav.Canada.tests.EOLCanadaReceiveInfo_Test" tests="16" failures="0" timestamp="19 Mar 2013 06:35:07 GMT" time="185.855" errors="0">
  <testcase name="enterRemaningInformationOnPersonalInformatoinPage" time="13.810" classname="com.jav.Canada.tests.EOLCanadaReceiveInfo_Test"/>
  <testcase name="homePageactions" time="7.236" classname="com.jav.Canada.tests.EOLCanadaReceiveInfo_Test"/>
  <testcase name="redirectToThankYouPageAndClickEnrollOnLine" time="7.079" classname="com.jav.Canada.tests.EOLCanadaReceiveInfo_Test"/>
  <testcase name="verifyEditButtonOnReviewAndSubmit" time="30.504" classname="com.jav.Canada.tests.EOLCanadaReceiveInfo_Test"/>
  <testcase name="enterCreditCardInformation" time="0.807" classname="com.jav.Canada.tests.EOLCanadaReceiveInfo_Test"/>
  <testcase name="verifyElementsDisplayAfterSelectModeOfPayment" time="1.710" classname="com.jav.Canada.tests.EOLCanadaReceiveInfo_Test"/>
  <testcase name="selectModeOfPaymentandProvideInformation" time="1.854" classname="com.jav.Canada.tests.EOLCanadaReceiveInfo_Test"/>
  <testcase name="verifyElementDisplayOnPersonalInformationPage" time="3.543" classname="com.jav.Canada.tests.EOLCanadaReceiveInfo_Test"/>
  <testcase name="setup" time="7.466" classname="com.jav.Canada.tests.EOLCanadaReceiveInfo_Test"/>
  <testcase name="verifyElementsDisplayOnStep1EnrollmentProcess" time="2.439" classname="com.jav.Canada.tests.EOLCanadaReceiveInfo_Test"/>
  <testcase name="verifyElementsDisplayOnPaymentInformation" time="0.405" classname="com.jav.Canada.tests.EOLCanadaReceiveInfo_Test"/>
  <testcase name="verifyElementsDisplayOnReviewAndSubmitPage" time="2.864" classname="com.jav.Canada.tests.EOLCanadaReceiveInfo_Test"/>
  <testcase name="verifyredirectToPaymentInformationPage" time="0.178" classname="com.jav.Canada.tests.EOLCanadaReceiveInfo_Test"/>
  <testcase name="enterStudentInformationOnStep1Page" time="45.037" classname="com.jav.Canada.tests.EOLCanadaReceiveInfo_Test"/>
  <testcase name="verifyandClickOnTermAndConditionsDisplayOnReviewandSubmitPage" time="54.262" classname="com.jav.Canada.tests.EOLCanadaReceiveInfo_Test"/>
  <testcase name="launchHomePage" time="6.661" classname="com.jav.Canada.tests.EOLCanadaReceiveInfo_Test"/>
</testsuite> <!-- com.jav.Canada.tests.EOLCanadaReceiveInfo_Test -->
