<?xml version="1.0" encoding="UTF-8"?>
<!-- Generated by org.testng.reporters.JUnitReportReporter -->
<testsuite hostname="LNDA0183" name="com.jav.Canada.tests.EOLCanadaReceiveInfo_nocourse_Test" tests="18" failures="0" timestamp="13 Mar 2013 13:30:27 GMT" time="141.857" errors="0">
  <testcase name="verifyredirectToPaymentInformationPage" time="0.221" classname="com.jav.Canada.tests.EOLCanadaReceiveInfo_nocourse_Test"/>
  <testcase name="selectCourseFromAvailableCourses" time="5.069" classname="com.jav.Canada.tests.EOLCanadaReceiveInfo_nocourse_Test"/>
  <testcase name="verifyElementsDisplayOnPaymentInformation" time="0.375" classname="com.jav.Canada.tests.EOLCanadaReceiveInfo_nocourse_Test"/>
  <testcase name="launchHomePage" time="6.406" classname="com.jav.Canada.tests.EOLCanadaReceiveInfo_nocourse_Test"/>
  <testcase name="enterRemaningInformationOnPersonalInformatoinPage" time="18.637" classname="com.jav.Canada.tests.EOLCanadaReceiveInfo_nocourse_Test"/>
  <testcase name="selectModeOfPaymentandProvideInformation" time="2.462" classname="com.jav.Canada.tests.EOLCanadaReceiveInfo_nocourse_Test"/>
  <testcase name="getNumberOfCourseAvailable" time="3.210" classname="com.jav.Canada.tests.EOLCanadaReceiveInfo_nocourse_Test"/>
  <testcase name="verifyEditButtonOnReviewAndSubmit" time="37.322" classname="com.jav.Canada.tests.EOLCanadaReceiveInfo_nocourse_Test"/>
  <testcase name="verifyElementsDisplayAfterSelectModeOfPayment" time="1.957" classname="com.jav.Canada.tests.EOLCanadaReceiveInfo_nocourse_Test"/>
  <testcase name="enterStudentInformationOnStep1Page" time="19.600" classname="com.jav.Canada.tests.EOLCanadaReceiveInfo_nocourse_Test"/>
  <testcase name="homePageactions" time="5.624" classname="com.jav.Canada.tests.EOLCanadaReceiveInfo_nocourse_Test"/>
  <testcase name="setup" time="6.558" classname="com.jav.Canada.tests.EOLCanadaReceiveInfo_nocourse_Test"/>
  <testcase name="redirectToThankYouPageAndClickEnrollOnLine" time="6.491" classname="com.jav.Canada.tests.EOLCanadaReceiveInfo_nocourse_Test"/>
  <testcase name="verifyElementDisplayOnPersonalInformationPage" time="2.922" classname="com.jav.Canada.tests.EOLCanadaReceiveInfo_nocourse_Test"/>
  <testcase name="verifyandClickOnTermAndComtitionsDisplayOnReviewandSubmitPage" time="19.283" classname="com.jav.Canada.tests.EOLCanadaReceiveInfo_nocourse_Test"/>
  <testcase name="verifyElementsDisplayOnStep1EnrollmentProcess" time="1.789" classname="com.jav.Canada.tests.EOLCanadaReceiveInfo_nocourse_Test"/>
  <testcase name="verifyElementsDisplayOnReviewAndSubmitPage" time="3.304" classname="com.jav.Canada.tests.EOLCanadaReceiveInfo_nocourse_Test"/>
  <testcase name="enterCreditCardInformation" time="0.627" classname="com.jav.Canada.tests.EOLCanadaReceiveInfo_nocourse_Test"/>
</testsuite> <!-- com.jav.Canada.tests.EOLCanadaReceiveInfo_nocourse_Test -->
