<?xml version="1.0" encoding="UTF-8"?>
<!-- Generated by org.testng.reporters.JUnitReportReporter -->
<testsuite hostname="LNDA0183" name="com.jav.Domestic.tests.AllCourse_EOLDomesticEnrollNow_nocourse_Tests" tests="5" failures="0" timestamp="1 Mar 2013 13:03:08 GMT" time="221.677" errors="0">
  <testcase name="launchHomePage" time="7.055" classname="com.jav.Domestic.tests.AllCourse_EOLDomesticEnrollNow_nocourse_Tests"/>
  <testcase name="getNumberOfCourseAvailable" time="5.127" classname="com.jav.Domestic.tests.AllCourse_EOLDomesticEnrollNow_nocourse_Tests"/>
  <testcase name="homePageactions" time="5.288" classname="com.jav.Domestic.tests.AllCourse_EOLDomesticEnrollNow_nocourse_Tests"/>
  <testcase name="Test" time="199.502" classname="com.jav.Domestic.tests.AllCourse_EOLDomesticEnrollNow_nocourse_Tests"/>
  <testcase name="setup" time="4.705" classname="com.jav.Domestic.tests.AllCourse_EOLDomesticEnrollNow_nocourse_Tests"/>
</testsuite> <!-- com.jav.Domestic.tests.AllCourse_EOLDomesticEnrollNow_nocourse_Tests -->
