<?xml version="1.0" encoding="UTF-8"?>
<!-- Generated by org.testng.reporters.JUnitReportReporter -->
<testsuite hostname="DLLB0015" name="com.qait.automation.report.ResultsIT" tests="1" failures="0" timestamp="3 Mar 2013 08:40:52 GMT" time="7.792" errors="0">
  <testcase name="sendResultsMail" time="7.792" classname="com.qait.automation.report.ResultsIT"/>
</testsuite> <!-- com.qait.automation.report.ResultsIT -->
