<?xml version="1.0" encoding="UTF-8"?>
<!-- Generated by org.testng.reporters.JUnitReportReporter -->
<testsuite hostname="DLLB0015" name="com.jav.Domestic.tests.AllCourse_EOLDomesticReceiveInfo_nocourse_Tests" tests="5" failures="0" timestamp="3 Mar 2013 08:38:29 GMT" time="335.886" errors="0">
  <testcase name="launchHomePage" time="7.196" classname="com.jav.Domestic.tests.AllCourse_EOLDomesticReceiveInfo_nocourse_Tests"/>
  <testcase name="Test" time="316.937" classname="com.jav.Domestic.tests.AllCourse_EOLDomesticReceiveInfo_nocourse_Tests"/>
  <testcase name="homePageactions" time="5.074" classname="com.jav.Domestic.tests.AllCourse_EOLDomesticReceiveInfo_nocourse_Tests"/>
  <testcase name="getNumberOfCourseAvailable" time="4.961" classname="com.jav.Domestic.tests.AllCourse_EOLDomesticReceiveInfo_nocourse_Tests"/>
  <testcase name="setup" time="1.718" classname="com.jav.Domestic.tests.AllCourse_EOLDomesticReceiveInfo_nocourse_Tests"/>
</testsuite> <!-- com.jav.Domestic.tests.AllCourse_EOLDomesticReceiveInfo_nocourse_Tests -->
