<?xml version="1.0" encoding="UTF-8"?>
<!-- Generated by org.testng.reporters.JUnitReportReporter -->
<testsuite hostname="DLLB0015" name="com.jav.Domestic.tests.AllCourse_EOLDomesticEnrollNow_nocourse_Tests" tests="5" failures="0" timestamp="3 Mar 2013 08:27:20 GMT" time="370.092" errors="0">
  <testcase name="launchHomePage" time="6.972" classname="com.jav.Domestic.tests.AllCourse_EOLDomesticEnrollNow_nocourse_Tests"/>
  <testcase name="getNumberOfCourseAvailable" time="5.067" classname="com.jav.Domestic.tests.AllCourse_EOLDomesticEnrollNow_nocourse_Tests"/>
  <testcase name="homePageactions" time="5.179" classname="com.jav.Domestic.tests.AllCourse_EOLDomesticEnrollNow_nocourse_Tests"/>
  <testcase name="Test" time="351.060" classname="com.jav.Domestic.tests.AllCourse_EOLDomesticEnrollNow_nocourse_Tests"/>
  <testcase name="setup" time="1.814" classname="com.jav.Domestic.tests.AllCourse_EOLDomesticEnrollNow_nocourse_Tests"/>
</testsuite> <!-- com.jav.Domestic.tests.AllCourse_EOLDomesticEnrollNow_nocourse_Tests -->
