<?xml version="1.0" encoding="UTF-8"?>
<!-- Generated by org.testng.reporters.JUnitReportReporter -->
<testsuite hostname="DLLB0015" name="com.jav.Domestic.tests.EOLDomesticEnrollNow_Test" tests="11" failures="0" timestamp="3 Mar 2013 08:57:55 GMT" time="81.824" errors="0">
  <testcase name="enterCreditCardInformation" time="0.235" classname="com.jav.Domestic.tests.EOLDomesticEnrollNow_Test"/>
  <testcase name="setup" time="15.491" classname="com.jav.Domestic.tests.EOLDomesticEnrollNow_Test"/>
  <testcase name="selectModeOfPaymentandProvideInformation" time="1.535" classname="com.jav.Domestic.tests.EOLDomesticEnrollNow_Test"/>
  <testcase name="homePageactions" time="9.702" classname="com.jav.Domestic.tests.EOLDomesticEnrollNow_Test"/>
  <testcase name="verifyElementsDisplayAfterSelectModeOfPayment" time="1.018" classname="com.jav.Domestic.tests.EOLDomesticEnrollNow_Test"/>
  <testcase name="launchHomePage" time="5.960" classname="com.jav.Domestic.tests.EOLDomesticEnrollNow_Test"/>
  <testcase name="verifyredirectToPaymentInformationPage" time="2.089" classname="com.jav.Domestic.tests.EOLDomesticEnrollNow_Test"/>
  <testcase name="verifyandClickOnTermAndConditionsDisplayOnReviewandSubmitPage" time="13.990" classname="com.jav.Domestic.tests.EOLDomesticEnrollNow_Test"/>
  <testcase name="enterRemaningInformationOnPersonalInformatoinPage" time="21.902" classname="com.jav.Domestic.tests.EOLDomesticEnrollNow_Test"/>
  <testcase name="verifyElementsDisplayOnPaymentInformation" time="0.114" classname="com.jav.Domestic.tests.EOLDomesticEnrollNow_Test"/>
  <testcase name="verifyElementsDisplayOnReviewAndSubmitPage" time="9.788" classname="com.jav.Domestic.tests.EOLDomesticEnrollNow_Test"/>
</testsuite> <!-- com.jav.Domestic.tests.EOLDomesticEnrollNow_Test -->
