<?xml version="1.0" encoding="UTF-8"?>
<!-- Generated by org.testng.reporters.JUnitReportReporter -->
<testsuite hostname="LNDA0183" name="com.qait.automation.report.ResultsIT" tests="1" failures="0" timestamp="1 Mar 2013 13:03:13 GMT" time="1.123" errors="0">
  <testcase name="sendResultsMail" time="1.123" classname="com.qait.automation.report.ResultsIT"/>
</testsuite> <!-- com.qait.automation.report.ResultsIT -->
